<?xml version="1.0" encoding="UTF-8"?>
<testsuite xmlns:xsi="http://www.w3.org/2001/XMLSchema-instance" xsi:noNamespaceSchemaLocation="https://maven.apache.org/surefire/maven-surefire-plugin/xsd/surefire-test-report-3.0.xsd" version="3.0" name="testRunner.testRun" time="540.034" tests="5" errors="0" skipped="0" failures="0">
  <properties>
[...]
</properties>
  <testcase name="Search Doctors for any city and apply filters" classname="Fetch &amp; display the first five Doctors" time="162.661">
    <system-out><![CDATA[
@sanity @regression
Scenario: Search Doctors for any city and apply filters                         # Feature/F1_top5Doctors.feature:11
  Given user enters city as "Bangalore" and user enters speciality as "Dentist" # stepDefinitions.TC_01_Top5Doctors.user_enters_city_as_and_user_enters_speciality_as(java.lang.String,java.lang.String)

    Embedding Search Doctors for any city and apply filters [image/png 286678 bytes]

  When user applies the filter                                                  # stepDefinitions.TC_01_Top5Doctors.user_applies_the_filter()

    Embedding Search Doctors for any city and apply filters [image/png 286971 bytes]

Dr. Sunil Rao
Profile is claimed
BDS, MDS - Conservative Dentistry & Endodontics
Endodontist, Dental Surgeon, Dentist, Cosmetic/Aesthetic Dentist, Implantologist
28 Years Experience Overall  (27 years as specialist)
Medical Registration Verified
97% (394 patients)
Dr.Sunil Rao has completed his BDS from,KMC, Mahe Mangalore in 1996 and MDS from SDMCDS, Dharwad in the year 1999.He specializes in Re-treatment of failed RCT. more..
Share your story

Dr. Shyam Padmanabhan
Profile is claimed
BDS, MDS - Periodontics
Periodontist, Dentist, Implantologist, Dental Surgeon
28 Years Experience Overall  (23 years as specialist)
Medical Registration Verified
99% (674 patients)
Dr. Shyam established the medical and dental diagnostic center in the year 2001. He graduated from SDM College of Dental Science, Dharwad, Karnataka and followe more..
Share your story

Dr. Vivekananda Reddy
Profile is claimed
MDS - Prosthodontist And Crown Bridge, BDS
Dental Surgeon, Dentist, Prosthodontist
23 Years Experience Overall  (22 years as specialist)
Medical Registration Verified
98% (384 patients)
Dr. Vivekanand Reddy had done MDS, a prominent Prosthodontist and Implantologist, had been in practice for 22 years. By employing advanced methods and keenly st more..
Share your story

Dr. Priya Bansal
Profile is claimed
BDS
Dentist, Dental Surgeon
18 Years Experience Overall
Medical Registration Verified
99% (458 patients)
Dr.Priya Bansal has graduated from Tamil Nadu Government Dental College and Hospital, Chennai. She has done specialization in biofunctional prosthetic system ( more..
Share your story

Dr. Jonathan Eric Rao
Profile is claimed
BDS
Cosmetic/Aesthetic Dentist, Dentist, Implantologist, Dental Surgeon
16 Years Experience Overall  (15 years as specialist)
Medical Registration Verified
98% (220 patients)
Dr. Jonathan Eric Rao is passionate and committed about evidence-based Aesthetic Dentistry. He specializes in full mouth rehabilitations, Smile designing, Compl more..
Share your story

  Then the user should able to get the doctors list                             # stepDefinitions.TC_01_Top5Doctors.the_user_should_able_to_get_the_doctors_list()

    Embedding Search Doctors for any city and apply filters [image/png 292655 bytes]

]]></system-out>
    <system-err><![CDATA[Apr 11, 2024 3:07:46 PM org.openqa.selenium.remote.tracing.opentelemetry.OpenTelemetryTracer createTracer
INFO: Using OpenTelemetry for tracing
]]></system-err>
  </testcase>
  <testcase name="Clicking on surgery in the home page and storing the surgeries in a list" classname="Extracting &amp; storing all the surgeries in a List" time="68.982">
    <system-out><![CDATA[
@sanity
Scenario: Clicking on surgery in the home page and storing the surgeries in a list # Feature/F2_surgeryPage.feature:4
Piles
Hernia Treatment
Kidney Stone
Cataract
Circumcision
Lasik
Varicose Veins
Gallstone
Anal Fistula
Gynaecomastia
Anal Fissure
Lipoma Removal
Sebaceous cyst
Pilonidal Sinus
Lump in Breast
TURP
Hydrocele
Knee Replacement
Hair Transplant

  Given user clicks the surgery in the home page                                   # stepDefinitions.TC_02_SurgeryPage.user_clicks_the_surgery_in_the_home_page()

    Embedding Clicking on surgery in the home page and storing the surgeries in a list [image/png 235552 bytes]

]]></system-out>
  </testcase>
  <testcase name="Inspecting the health and wellness form under for corporate section with invalid details" classname="Under For Corporate user will fill the form using invalid number" time="101.232">
    <system-out><![CDATA[
@sanity @regression
Scenario: Inspecting the health and wellness form under for corporate section with invalid details # Feature/F4_forCorporate_form_with_invalid_number.feature:4
  Given user clicks on the for corporate in the home pagee for invalid number                      # stepDefinitions.TC_03_forCorporate_invalidNumber.user_clicks_on_the_for_corporate_in_the_home_pagee_for_invalid_number()

    Embedding Inspecting the health and wellness form under for corporate section with invalid details [image/png 376052 bytes]

  When user clicks the health and corporate plans with invalid number                              # stepDefinitions.TC_03_forCorporate_invalidNumber.user_clicks_the_health_and_corporate_plans()

    Embedding Inspecting the health and wellness form under for corporate section with invalid details [image/png 390962 bytes]

  And user fills the form with invalid number                                                      # stepDefinitions.TC_03_forCorporate_invalidNumber.user_fills_the_form_with_invalid_number()

    Embedding Inspecting the health and wellness form under for corporate section with invalid details [image/png 442823 bytes]

  But the button is disabled when invalid number is given                                          # stepDefinitions.TC_03_forCorporate_invalidNumber.the_button_is_disabled()

    Embedding Inspecting the health and wellness form under for corporate section with invalid details [image/png 442823 bytes]

]]></system-out>
  </testcase>
  <testcase name="Inspecting the health and wellness form under for corporate section with invalid email" classname="Under For Corporate user will fill the form using invalid email" time="92.717">
    <system-out><![CDATA[
@sanity @regression
Scenario: Inspecting the health and wellness form under for corporate section with invalid email # Feature/F5_forCorporate_form_with_invalid_email.feature:4
  Given user clicks on the for corporate in the home pagee for invalid email                     # stepDefinitions.TC_04_forCorporate_invalidEmail.user_clicks_on_the_for_corporate_in_the_home_pagee_for_invalid_email()

    Embedding Inspecting the health and wellness form under for corporate section with invalid email [image/png 376052 bytes]

  When user clicks the health and corporate plans with invalid email                             # stepDefinitions.TC_04_forCorporate_invalidEmail.user_clicks_the_health_and_corporate_plans_with_invalid_email()

    Embedding Inspecting the health and wellness form under for corporate section with invalid email [image/png 390962 bytes]

  And user fills the form with invalid email                                                     # stepDefinitions.TC_04_forCorporate_invalidEmail.user_fills_the_form_with_invalid_email()

    Embedding Inspecting the health and wellness form under for corporate section with invalid email [image/png 441270 bytes]

  But the button is disabled                                                                     # stepDefinitions.TC_04_forCorporate_invalidEmail.the_button_is_disabled()

    Embedding Inspecting the health and wellness form under for corporate section with invalid email [image/png 441270 bytes]

]]></system-out>
  </testcase>
  <testcase name="Inspecting the health and wellness form under for corporate section" classname="Under For Corporate user will fill the form" time="102.885">
    <system-out><![CDATA[
@sanity @regression
Scenario: Inspecting the health and wellness form under for corporate section # Feature/F6_forCorporate.feature:4
  Given user clicks on the for corporate in the home page                     # stepDefinitions.TC_05_ForCorporate.user_clicks_on_the_for_corporate_in_the_home_page()

    Embedding Inspecting the health and wellness form under for corporate section [image/png 376052 bytes]

  When user clicks the health and corporate plans                             # stepDefinitions.TC_05_ForCorporate.user_clicks_the_health_and_corporate_plans()

    Embedding Inspecting the health and wellness form under for corporate section [image/png 390962 bytes]

  And user fills the form                                                     # stepDefinitions.TC_05_ForCorporate.user_fills_the_form()

    Embedding Inspecting the health and wellness form under for corporate section [image/png 443409 bytes]

  And user clicks on schedule a demo button                                   # stepDefinitions.TC_05_ForCorporate.user_clicks_on_schedule_a_demo_button()

    Embedding Inspecting the health and wellness form under for corporate section [image/png 710494 bytes]

true
  Then the user validates whether the ThankYou message is displayed or not    # stepDefinitions.TC_05_ForCorporate.the_user_validates_whether_the_thank_you_message_is_displayed_or_not()

    Embedding Inspecting the health and wellness form under for corporate section [image/png 138947 bytes]

]]></system-out>
  </testcase>
</testsuite>